{"F:\\Programmer_Projects\\fullStackOpen-G\\part4\\blogsFrontend\\src\\components\\Blog.jsx": {"path":"F:\\Programmer_Projects\\fullStackOpen-G\\part4\\blogsFrontend\\src\\components\\Blog.jsx","statementMap":{"0":{"start":{"line":3,"column":6},"end":{"line":24,"column":null}},"1":{"start":{"line":4,"column":2},"end":{"line":24,"column":null}},"2":{"start":{"line":16,"column":31},"end":{"line":16,"column":51}},"3":{"start":{"line":20,"column":31},"end":{"line":20,"column":50}}},"fnMap":{"0":{"name":"(anonymous_0)","decl":{"start":{"line":3,"column":6},"end":{"line":3,"column":14}},"loc":{"start":{"line":3,"column":52},"end":{"line":24,"column":null}},"line":3},"1":{"name":"(anonymous_1)","decl":{"start":{"line":16,"column":16},"end":{"line":16,"column":31}},"loc":{"start":{"line":16,"column":31},"end":{"line":16,"column":51}},"line":16},"2":{"name":"(anonymous_2)","decl":{"start":{"line":20,"column":16},"end":{"line":20,"column":31}},"loc":{"start":{"line":20,"column":31},"end":{"line":20,"column":50}},"line":20}},"branchMap":{},"s":{"0":1,"1":3,"2":2,"3":0},"f":{"0":3,"1":2,"2":0},"b":{},"meta":{"lastBranch":0,"lastFunction":3,"lastStatement":4,"seen":{"s:3:6:24:Infinity":0,"f:3:6:3:14":0,"s:4:2:24:Infinity":1,"f:16:16:16:31":1,"s:16:31:16:51":2,"f:20:16:20:31":2,"s:20:31:20:50":3}}}
,"F:\\Programmer_Projects\\fullStackOpen-G\\part4\\blogsFrontend\\src\\components\\BlogForm.jsx": {"path":"F:\\Programmer_Projects\\fullStackOpen-G\\part4\\blogsFrontend\\src\\components\\BlogForm.jsx","statementMap":{"0":{"start":{"line":3,"column":6},"end":{"line":31,"column":null}},"1":{"start":{"line":13,"column":2},"end":{"line":31,"column":null}}},"fnMap":{"0":{"name":"(anonymous_0)","decl":{"start":{"line":3,"column":6},"end":{"line":3,"column":18}},"loc":{"start":{"line":11,"column":6},"end":{"line":31,"column":null}},"line":11}},"branchMap":{},"s":{"0":1,"1":2},"f":{"0":2},"b":{},"meta":{"lastBranch":0,"lastFunction":1,"lastStatement":2,"seen":{"s:3:6:31:Infinity":0,"f:3:6:3:18":0,"s:13:2:31:Infinity":1}}}
,"F:\\Programmer_Projects\\fullStackOpen-G\\part4\\blogsFrontend\\src\\components\\Button.jsx": {"path":"F:\\Programmer_Projects\\fullStackOpen-G\\part4\\blogsFrontend\\src\\components\\Button.jsx","statementMap":{"0":{"start":{"line":1,"column":6},"end":{"line":4,"column":null}},"1":{"start":{"line":2,"column":2},"end":{"line":4,"column":null}}},"fnMap":{"0":{"name":"(anonymous_0)","decl":{"start":{"line":1,"column":6},"end":{"line":1,"column":16}},"loc":{"start":{"line":2,"column":2},"end":{"line":4,"column":null}},"line":2}},"branchMap":{},"s":{"0":1,"1":1},"f":{"0":1},"b":{},"meta":{"lastBranch":0,"lastFunction":1,"lastStatement":2,"seen":{"s:1:6:4:Infinity":0,"f:1:6:1:16":0,"s:2:2:4:Infinity":1}}}
,"F:\\Programmer_Projects\\fullStackOpen-G\\part4\\blogsFrontend\\src\\components\\Togglable.jsx": {"path":"F:\\Programmer_Projects\\fullStackOpen-G\\part4\\blogsFrontend\\src\\components\\Togglable.jsx","statementMap":{"0":{"start":{"line":3,"column":6},"end":{"line":30,"column":null}},"1":{"start":{"line":4,"column":18},"end":{"line":4,"column":47}},"2":{"start":{"line":6,"column":26},"end":{"line":6,"column":60}},"3":{"start":{"line":7,"column":26},"end":{"line":7,"column":60}},"4":{"start":{"line":9,"column":8},"end":{"line":10,"column":null}},"5":{"start":{"line":10,"column":4},"end":{"line":10,"column":null}},"6":{"start":{"line":13,"column":2},"end":{"line":17,"column":null}},"7":{"start":{"line":14,"column":4},"end":{"line":16,"column":null}},"8":{"start":{"line":19,"column":2},"end":{"line":28,"column":null}}},"fnMap":{"0":{"name":"(anonymous_0)","decl":{"start":{"line":3,"column":18},"end":{"line":3,"column":30}},"loc":{"start":{"line":3,"column":71},"end":{"line":30,"column":null}},"line":3},"1":{"name":"(anonymous_1)","decl":{"start":{"line":9,"column":8},"end":{"line":9,"column":33}},"loc":{"start":{"line":9,"column":33},"end":{"line":10,"column":null}},"line":9},"2":{"name":"(anonymous_2)","decl":{"start":{"line":13,"column":22},"end":{"line":13,"column":33}},"loc":{"start":{"line":13,"column":33},"end":{"line":17,"column":null}},"line":13}},"branchMap":{"0":{"loc":{"start":{"line":6,"column":37},"end":{"line":6,"column":60}},"type":"cond-expr","locations":[{"start":{"line":6,"column":47},"end":{"line":6,"column":56}},{"start":{"line":6,"column":56},"end":{"line":6,"column":60}}],"line":6},"1":{"loc":{"start":{"line":7,"column":37},"end":{"line":7,"column":60}},"type":"cond-expr","locations":[{"start":{"line":7,"column":47},"end":{"line":7,"column":52}},{"start":{"line":7,"column":52},"end":{"line":7,"column":60}}],"line":7}},"s":{"0":1,"1":5,"2":5,"3":5,"4":5,"5":2,"6":5,"7":0,"8":5},"f":{"0":5,"1":2,"2":0},"b":{"0":[2,3],"1":[2,3]},"meta":{"lastBranch":2,"lastFunction":3,"lastStatement":9,"seen":{"s:3:6:30:Infinity":0,"f:3:18:3:30":0,"s:4:18:4:47":1,"s:6:26:6:60":2,"b:6:47:6:56:6:56:6:60":0,"s:7:26:7:60":3,"b:7:47:7:52:7:52:7:60":1,"s:9:8:10:Infinity":4,"f:9:8:9:33":1,"s:10:4:10:Infinity":5,"s:13:2:17:Infinity":6,"f:13:22:13:33":2,"s:14:4:16:Infinity":7,"s:19:2:28:Infinity":8}}}
}
